<?xml version="1.0" encoding="UTF-8"?>
<!-- Generated by org.testng.reporters.JUnitXMLReporter -->
<testsuite hostname="Star-PC" name="AliexpressTest" tests="1" failures="1" timestamp="18 Mar 2017 12:15:05 GMT" time="0.097" errors="0">
  <testcase name="searchProductByCategory" time="0.061" classname="executeTests.AliexpressTest">
    <failure type="java.lang.NullPointerException">
      <![CDATA[java.lang.NullPointerException
	at com.ali.commons.ReusableLibrary.takeScreenshot(ReusableLibrary.java:122)
	at com.ali.commons.ReusableLibrary.updateTestLog(ReusableLibrary.java:189)
	at com.ali.commons.ReusableLibrary.getApplication(ReusableLibrary.java:96)
	at com.ali.pages.webpagerepository.MasterPage.launchapplication(MasterPage.java:36)
	at executeTests.AliexpressTest.searchProductByCategory(AliexpressTest.java:42)
... Removed 24 stack frames]]>
    </failure>
  </testcase> <!-- searchProductByCategory -->
</testsuite> <!-- AliexpressTest -->
